{
  "stats": {
    "suites": 1,
    "tests": 3,
    "passes": 3,
    "pending": 0,
    "failures": 0,
    "start": "2020-08-29T15:06:09.549Z",
    "end": "2020-08-29T15:06:26.280Z",
    "duration": 16731,
    "testsRegistered": 3,
    "passPercent": 100,
    "pendingPercent": 0,
    "other": 0,
    "hasOther": false,
    "skipped": 0,
    "hasSkipped": false
  },
  "results": [
    {
      "uuid": "44247b17-c4ec-4b4c-b0cd-89c083344bdb",
      "title": "",
      "fullFile": "cypress/integration/create_professor.spec.js",
      "file": "cypress/integration/create_professor.spec.js",
      "beforeHooks": [],
      "afterHooks": [],
      "tests": [],
      "suites": [
        {
          "uuid": "6cc7ae10-1cd9-421c-b383-67a56360a246",
          "title": "Create Professor",
          "fullFile": "",
          "file": "",
          "beforeHooks": [],
          "afterHooks": [],
          "tests": [
            {
              "title": "TC 75 - Professors - Create Professor",
              "fullTitle": "Create Professor TC 75 - Professors - Create Professor",
              "timedOut": null,
              "duration": 8486,
              "state": "passed",
              "speed": "slow",
              "pass": true,
              "fail": false,
              "pending": false,
              "context": null,
              "code": "cy.get('#navbardrop').click();\ncy.get('.nav-item').contains('Create Professor').click();\ncy.url().should('include', 'create-professor');\n_professorPOM.professorGB.createProf('Tom', 'Waits', 'https://i.pinimg.com/564x/be/cd/52/becd52f1b4e40426b6fb75feef2fbfbc.jpg');\ncy.wait('@allpro');\ncy.scrollTo('bottom');\ncy.url().should('include', 'all-professors');",
              "err": {},
              "uuid": "4972c673-7a2c-4d78-8f0f-879baf2577dc",
              "parentUUID": "6cc7ae10-1cd9-421c-b383-67a56360a246",
              "isHook": false,
              "skipped": false
            },
            {
              "title": "TC 76 - Professors - Create Professor without adding image",
              "fullTitle": "Create Professor TC 76 - Professors - Create Professor without adding image",
              "timedOut": null,
              "duration": 2809,
              "state": "passed",
              "speed": "slow",
              "pass": true,
              "fail": false,
              "pending": false,
              "context": null,
              "code": "cy.get('#navbardrop').click();\ncy.get('.nav-item').contains('Create Professor').click();\ncy.url().should('include', 'create-professor');\ncy.get('#firstName').type(randomName);\ncy.get('#lastName').type(randomSurname);\ncy.get('.btn-primary').contains('Add images').click();\ncy.get('input[placeholder=\"Image URL\"]').invoke('val', '');\ncy.get('.btn-primary').contains('Submit');\ncy.get('input[placeholder=\"Image URL\"]').then(function ($input) {\n  expect($input[0].validationMessage).to.eq('Please fill in this field.');\n});",
              "err": {},
              "uuid": "2cdc5f0e-1953-4a2b-8027-e04f8cdb18da",
              "parentUUID": "6cc7ae10-1cd9-421c-b383-67a56360a246",
              "isHook": false,
              "skipped": false
            },
            {
              "title": "TC 73 - Professors filter",
              "fullTitle": "Create Professor TC 73 - Professors filter",
              "timedOut": null,
              "duration": 4910,
              "state": "passed",
              "speed": "slow",
              "pass": true,
              "fail": false,
              "pending": false,
              "context": null,
              "code": "cy.get('#navbardrop').click();\ncy.get('.nav-item').contains('All Professors').click();\ncy.url().should('include', 'all-professors'); //mora delay jer ako ne stavim ostane samo crna tabla sa thead bez podataka u row ispod o izabranom profesoru\ncy.get('input[type=text').type('Tom', {\n  delay: 100\n});\ncy.scrollTo('bottom');",
              "err": {},
              "uuid": "c5edc480-4178-445f-b2b9-efa5af712f7c",
              "parentUUID": "6cc7ae10-1cd9-421c-b383-67a56360a246",
              "isHook": false,
              "skipped": false
            }
          ],
          "suites": [],
          "passes": [
            "4972c673-7a2c-4d78-8f0f-879baf2577dc",
            "2cdc5f0e-1953-4a2b-8027-e04f8cdb18da",
            "c5edc480-4178-445f-b2b9-efa5af712f7c"
          ],
          "failures": [],
          "pending": [],
          "skipped": [],
          "duration": 16205,
          "root": false,
          "rootEmpty": false,
          "_timeout": 2000
        }
      ],
      "passes": [],
      "failures": [],
      "pending": [],
      "skipped": [],
      "duration": 0,
      "root": true,
      "rootEmpty": true,
      "_timeout": 2000
    }
  ],
  "meta": {
    "mocha": {
      "version": "7.0.1"
    },
    "mochawesome": {
      "options": {
        "quiet": false,
        "reportFilename": "mochawesome",
        "saveHtml": false,
        "saveJson": true,
        "consoleReporter": "spec",
        "useInlineDiffs": false,
        "code": true
      },
      "version": "6.1.1"
    },
    "marge": {
      "options": {
        "id": "default",
        "reportDir": "cypress/reports/mocha",
        "quite": true,
        "overwrite": false,
        "html": false,
        "json": true
      },
      "version": "5.1.0"
    }
  }
}