{
  "stats": {
    "suites": 1,
    "tests": 9,
    "passes": 9,
    "pending": 0,
    "failures": 0,
    "start": "2020-08-29T15:07:03.657Z",
    "end": "2020-08-29T15:07:56.196Z",
    "duration": 52539,
    "testsRegistered": 9,
    "passPercent": 100,
    "pendingPercent": 0,
    "other": 0,
    "hasOther": false,
    "skipped": 0,
    "hasSkipped": false
  },
  "results": [
    {
      "uuid": "9822e2d7-fbd7-4395-bafc-bbfe68c193df",
      "title": "",
      "fullFile": "cypress/integration/myGradebook.spec.js",
      "file": "cypress/integration/myGradebook.spec.js",
      "beforeHooks": [],
      "afterHooks": [],
      "tests": [],
      "suites": [
        {
          "uuid": "70fb50ae-bd78-44a4-bddc-a2463df7423a",
          "title": "Create, edit, and delete my gradebook",
          "fullFile": "",
          "file": "",
          "beforeHooks": [],
          "afterHooks": [],
          "tests": [
            {
              "title": "POST-login",
              "fullTitle": "Create, edit, and delete my gradebook POST-login",
              "timedOut": null,
              "duration": 2879,
              "state": "passed",
              "speed": "slow",
              "pass": true,
              "fail": false,
              "pending": false,
              "context": null,
              "code": "//for both cy.loginBeck and with rq, I will stay not signed in\ncy.loginBeck(_user.user.email, _user.user.password);\ncy.request('POST', 'https://gradebook-api.vivifyideas.com/api/login', {\n  \"email\": \"Clarabelle55@yahoo.com\",\n  \"password\": \"angelaisadoraduncan1877\"\n}).then(function (response) {\n  expect(response.body).to.have.property('token');\n  localStorage.setItem('loginToken', response.body.token);\n});",
              "err": {},
              "uuid": "2855a009-2223-4795-b313-5e73977a7cfd",
              "parentUUID": "70fb50ae-bd78-44a4-bddc-a2463df7423a",
              "isHook": false,
              "skipped": false
            },
            {
              "title": "TC 51 - Create gradebook",
              "fullTitle": "Create, edit, and delete my gradebook TC 51 - Create gradebook",
              "timedOut": null,
              "duration": 4338,
              "state": "passed",
              "speed": "slow",
              "pass": true,
              "fail": false,
              "pending": false,
              "context": null,
              "code": "cy.get('.nav-link').contains('Create Gradebook').should('be.visible').click();\n_creategbPOM.createGB.creation('Little Red Riding Hood');\ncy.wait('@gb');\ncy.url().should('eq', 'https://gradebook.vivifyideas.com/gradebooks');",
              "err": {},
              "uuid": "39f974b6-acbf-47c0-a46a-dc2d2bef2b69",
              "parentUUID": "70fb50ae-bd78-44a4-bddc-a2463df7423a",
              "isHook": false,
              "skipped": false
            },
            {
              "title": "TC 52 - Gradebook Filter - find newly created gradebook",
              "fullTitle": "Create, edit, and delete my gradebook TC 52 - Gradebook Filter - find newly created gradebook",
              "timedOut": null,
              "duration": 2526,
              "state": "passed",
              "speed": "slow",
              "pass": true,
              "fail": false,
              "pending": false,
              "context": null,
              "code": "cy.get('input[type=text]').type('Little Red Riding Hood');\ncy.get('.btn-primary').contains('Search').click();",
              "err": {},
              "uuid": "e2c7d905-d46d-406d-99e6-e385d15ddff2",
              "parentUUID": "70fb50ae-bd78-44a4-bddc-a2463df7423a",
              "isHook": false,
              "skipped": false
            },
            {
              "title": "TC 61 - Edit gradebook title",
              "fullTitle": "Create, edit, and delete my gradebook TC 61 - Edit gradebook title",
              "timedOut": null,
              "duration": 2961,
              "state": "passed",
              "speed": "slow",
              "pass": true,
              "fail": false,
              "pending": false,
              "context": null,
              "code": "cy.get('.nav-link').contains('My Gradebook').click();\ncy.url().should('include', 'my-gradebook');\ncy.get('.btn-warning').contains('Edit Gradebook').should('be.visible').click();\ncy.url().should('contain', 'single-gradebook');\ncy.get('#title').clear().type(randomTitle);\ncy.get('.btn-primary').contains('Submit').click();\ncy.url().should('eq', 'https://gradebook.vivifyideas.com/gradebooks');",
              "err": {},
              "uuid": "e385c4b3-65fc-4e4e-bbcb-ba9db6e2bd0f",
              "parentUUID": "70fb50ae-bd78-44a4-bddc-a2463df7423a",
              "isHook": false,
              "skipped": false
            },
            {
              "title": "TC 62 - Edit gradebook title(255 characters)",
              "fullTitle": "Create, edit, and delete my gradebook TC 62 - Edit gradebook title(255 characters)",
              "timedOut": null,
              "duration": 11429,
              "state": "passed",
              "speed": "slow",
              "pass": true,
              "fail": false,
              "pending": false,
              "context": null,
              "code": "cy.get('.nav-link').contains('My Gradebook').click();\ncy.url().should('include', 'my-gradebook');\ncy.get('.btn-warning').contains('Edit Gradebook').should('be.visible').click();\ncy.url().should('contain', 'single-gradebook');\ncy.get('#title').clear().type(alphanum);\ncy.get('.btn-primary').contains('Submit').click();\ncy.url().should('eq', 'https://gradebook.vivifyideas.com/gradebooks');",
              "err": {},
              "uuid": "47a3d23d-366d-48b2-8b17-79245a121cbb",
              "parentUUID": "70fb50ae-bd78-44a4-bddc-a2463df7423a",
              "isHook": false,
              "skipped": false
            },
            {
              "title": "TC 63 - Edit gradebook title(256 characters)",
              "fullTitle": "Create, edit, and delete my gradebook TC 63 - Edit gradebook title(256 characters)",
              "timedOut": null,
              "duration": 11187,
              "state": "passed",
              "speed": "slow",
              "pass": true,
              "fail": false,
              "pending": false,
              "context": null,
              "code": "cy.get('.nav-link').contains('My Gradebook').click();\ncy.url().should('include', 'my-gradebook');\ncy.get('.btn-warning').contains('Edit Gradebook').should('be.visible').click();\ncy.url().should('contain', 'single-gradebook');\ncy.get('#title').clear().type(supraalphanum);\ncy.get('.btn-primary').contains('Submit').click();\ncy.url().should('eq', 'https://gradebook.vivifyideas.com/gradebooks');",
              "err": {},
              "uuid": "8d622c55-c242-4c04-8d3c-8161cc402be4",
              "parentUUID": "70fb50ae-bd78-44a4-bddc-a2463df7423a",
              "isHook": false,
              "skipped": false
            },
            {
              "title": "TC 64 - Edit gradebook title(257 characters)",
              "fullTitle": "Create, edit, and delete my gradebook TC 64 - Edit gradebook title(257 characters)",
              "timedOut": null,
              "duration": 11065,
              "state": "passed",
              "speed": "slow",
              "pass": true,
              "fail": false,
              "pending": false,
              "context": null,
              "code": "cy.get('.nav-link').contains('My Gradebook').click();\ncy.url().should('include', 'my-gradebook');\ncy.get('.btn-warning').contains('Edit Gradebook').should('be.visible').click();\ncy.url().should('contain', 'single-gradebook');\ncy.get('#title').clear().type(supremealphanum);\ncy.get('.btn-primary').contains('Submit').click();\ncy.url().should('include', 'single-gradebook');",
              "err": {},
              "uuid": "ae9b2bff-278c-4aa9-9d24-6fe756fa1731",
              "parentUUID": "70fb50ae-bd78-44a4-bddc-a2463df7423a",
              "isHook": false,
              "skipped": false
            },
            {
              "title": "TC 52 - Gradebook Filter - find newly created gradebook with previous title, before edited",
              "fullTitle": "Create, edit, and delete my gradebook TC 52 - Gradebook Filter - find newly created gradebook with previous title, before edited",
              "timedOut": null,
              "duration": 2576,
              "state": "passed",
              "speed": "slow",
              "pass": true,
              "fail": false,
              "pending": false,
              "context": null,
              "code": "cy.get('input[type=text]').type('Litte Rot Riding Hood');\ncy.get('.btn-primary').contains('Search').click();",
              "err": {},
              "uuid": "97504571-e0da-438d-a019-5bd5f87960a2",
              "parentUUID": "70fb50ae-bd78-44a4-bddc-a2463df7423a",
              "isHook": false,
              "skipped": false
            },
            {
              "title": "TC 65 - Delete my gradebook",
              "fullTitle": "Create, edit, and delete my gradebook TC 65 - Delete my gradebook",
              "timedOut": null,
              "duration": 2878,
              "state": "passed",
              "speed": "slow",
              "pass": true,
              "fail": false,
              "pending": false,
              "context": null,
              "code": "cy.get('.nav-link').contains('My Gradebook').click();\ncy.url().should('include', 'my-gradebook');\ncy.get('.btn-danger').should('be.visible').click();\ncy.url().should('eq', 'https://gradebook.vivifyideas.com/gradebooks'); //filter after deleted gradebook\ncy.get('input[type=text]').should('be.visible').type('Little Rot Riding Hood');\ncy.get('.btn').contains('Search').should('be.visible').click();\ncy.contains('There is no more gradebooks in base, try again').should('be.visible');",
              "err": {},
              "uuid": "ef18c339-d02e-426a-bb48-068a190a5b61",
              "parentUUID": "70fb50ae-bd78-44a4-bddc-a2463df7423a",
              "isHook": false,
              "skipped": false
            }
          ],
          "suites": [],
          "passes": [
            "2855a009-2223-4795-b313-5e73977a7cfd",
            "39f974b6-acbf-47c0-a46a-dc2d2bef2b69",
            "e2c7d905-d46d-406d-99e6-e385d15ddff2",
            "e385c4b3-65fc-4e4e-bbcb-ba9db6e2bd0f",
            "47a3d23d-366d-48b2-8b17-79245a121cbb",
            "8d622c55-c242-4c04-8d3c-8161cc402be4",
            "ae9b2bff-278c-4aa9-9d24-6fe756fa1731",
            "97504571-e0da-438d-a019-5bd5f87960a2",
            "ef18c339-d02e-426a-bb48-068a190a5b61"
          ],
          "failures": [],
          "pending": [],
          "skipped": [],
          "duration": 51839,
          "root": false,
          "rootEmpty": false,
          "_timeout": 2000
        }
      ],
      "passes": [],
      "failures": [],
      "pending": [],
      "skipped": [],
      "duration": 0,
      "root": true,
      "rootEmpty": true,
      "_timeout": 2000
    }
  ],
  "meta": {
    "mocha": {
      "version": "7.0.1"
    },
    "mochawesome": {
      "options": {
        "quiet": false,
        "reportFilename": "mochawesome",
        "saveHtml": false,
        "saveJson": true,
        "consoleReporter": "spec",
        "useInlineDiffs": false,
        "code": true
      },
      "version": "6.1.1"
    },
    "marge": {
      "options": {
        "id": "default",
        "reportDir": "cypress/reports/mocha",
        "quite": true,
        "overwrite": false,
        "html": false,
        "json": true
      },
      "version": "5.1.0"
    }
  }
}