{
  "stats": {
    "suites": 1,
    "tests": 10,
    "passes": 9,
    "pending": 1,
    "failures": 0,
    "start": "2020-08-29T15:08:30.445Z",
    "end": "2020-08-29T15:08:48.603Z",
    "duration": 18158,
    "testsRegistered": 10,
    "passPercent": 100,
    "pendingPercent": 10,
    "other": 0,
    "hasOther": false,
    "skipped": 0,
    "hasSkipped": false
  },
  "results": [
    {
      "uuid": "921515d6-b6d4-4c49-aa47-b5ebdb83debc",
      "title": "",
      "fullFile": "cypress/integration/register.spec.js",
      "file": "cypress/integration/register.spec.js",
      "beforeHooks": [],
      "afterHooks": [],
      "tests": [],
      "suites": [
        {
          "uuid": "f52384b6-a50c-4144-be7c-eb66adc242d1",
          "title": "Registration on Gradebook HomePage",
          "fullFile": "",
          "file": "",
          "beforeHooks": [],
          "afterHooks": [],
          "tests": [
            {
              "title": "TC 11 - Register - valid registration",
              "fullTitle": "Registration on Gradebook HomePage TC 11 - Register - valid registration",
              "timedOut": null,
              "duration": 0,
              "state": "pending",
              "speed": null,
              "pass": false,
              "fail": false,
              "pending": true,
              "context": null,
              "code": "",
              "err": {},
              "uuid": "6356005e-71d7-48f6-a57f-51e43ff53deb",
              "parentUUID": "f52384b6-a50c-4144-be7c-eb66adc242d1",
              "isHook": false,
              "skipped": false
            },
            {
              "title": "TC 13 - Registration - First name input filed required",
              "fullTitle": "Registration on Gradebook HomePage TC 13 - Registration - First name input filed required",
              "timedOut": null,
              "duration": 2859,
              "state": "passed",
              "speed": "slow",
              "pass": true,
              "fail": false,
              "pending": false,
              "context": null,
              "code": "//cy.type() cannot accept an empty String, I want to set the value of an input as an empty string:\ncy.get('#firstName').invoke('val', '');\ncy.get('#lastName').type(prezIme);\ncy.get('#password').type(randomPassword);\ncy.get('#passwordConfirmation').type(randomPassword);\ncy.get('#email').type(randomEmail);\ncy.get('#termsAndConditions').uncheck();\ncy.get('#termsAndConditions').check();\ncy.get('button[type=submit]').click();\ncy.get('#firstName').then(function ($input) {\n  expect($input[0].validationMessage).to.eq('Please fill in this field.');\n});",
              "err": {},
              "uuid": "8104c79e-8574-474e-a03f-07f687a6e1ea",
              "parentUUID": "f52384b6-a50c-4144-be7c-eb66adc242d1",
              "isHook": false,
              "skipped": false
            },
            {
              "title": "TC 14 - Registration - Last name input filed required",
              "fullTitle": "Registration on Gradebook HomePage TC 14 - Registration - Last name input filed required",
              "timedOut": null,
              "duration": 2045,
              "state": "passed",
              "speed": "slow",
              "pass": true,
              "fail": false,
              "pending": false,
              "context": null,
              "code": "cy.get('#firstName').type(prvoIme); //same as for the input filed firstName:\ncy.get('#lastName').invoke('val', '');\ncy.get('#password').type(randomPassword);\ncy.get('#passwordConfirmation').type(randomPassword);\ncy.get('#email').type(randomEmail);\ncy.get('button[type=submit]').click();\ncy.get('#lastName').then(function ($input) {\n  expect($input[0].validationMessage).to.eq('Please fill in this field.');\n});",
              "err": {},
              "uuid": "aa1f8885-91f9-4dec-bb4d-518f149d29b1",
              "parentUUID": "f52384b6-a50c-4144-be7c-eb66adc242d1",
              "isHook": false,
              "skipped": false
            },
            {
              "title": "TC 15 - Registration - Email input filed required",
              "fullTitle": "Registration on Gradebook HomePage TC 15 - Registration - Email input filed required",
              "timedOut": null,
              "duration": 1659,
              "state": "passed",
              "speed": "slow",
              "pass": true,
              "fail": false,
              "pending": false,
              "context": null,
              "code": "cy.get('#firstName').type(prvoIme);\ncy.get('#lastName').type(prezIme);\ncy.get('#password').type(randomPassword);\ncy.get('#passwordConfirmation').type(randomPassword);\ncy.get('#email').invoke('val', '');\ncy.get('button[type=submit]').click();\ncy.get('#email').then(function ($input) {\n  expect($input[0].validationMessage).to.eq('Please fill in this field.');\n});",
              "err": {},
              "uuid": "6c408425-0adc-43a3-bd42-287f422808af",
              "parentUUID": "f52384b6-a50c-4144-be7c-eb66adc242d1",
              "isHook": false,
              "skipped": false
            },
            {
              "title": "TC 16 - Registration - Email with invalid format (NO @ CHARACTER)",
              "fullTitle": "Registration on Gradebook HomePage TC 16 - Registration - Email with invalid format (NO @ CHARACTER)",
              "timedOut": null,
              "duration": 2216,
              "state": "passed",
              "speed": "slow",
              "pass": true,
              "fail": false,
              "pending": false,
              "context": null,
              "code": "_registerPOM.regPage.register('Isadora', 'Duncan', 'angelaisadoraduncan1877', 'angelaisadoraduncan1877', 'Clarabelle55.yahoo.com');\ncy.get('#email').then(function ($input) {\n  expect($input[0].validationMessage).to.include(\"Please include an '@' in the email address. 'Clarabelle55.yahoo.com' is missing an '@'.\");\n});",
              "err": {},
              "uuid": "d2a35878-8aa5-4421-b8a9-2819391266d3",
              "parentUUID": "f52384b6-a50c-4144-be7c-eb66adc242d1",
              "isHook": false,
              "skipped": false
            },
            {
              "title": "TC 22 - Registration - Password Confirmation input field stays empty, without entries",
              "fullTitle": "Registration on Gradebook HomePage TC 22 - Registration - Password Confirmation input field stays empty, without entries",
              "timedOut": null,
              "duration": 1988,
              "state": "passed",
              "speed": "slow",
              "pass": true,
              "fail": false,
              "pending": false,
              "context": null,
              "code": "cy.get('#firstName').type(prvoIme);\ncy.get('#lastName').type(prezIme);\ncy.get('#password').type(randomPassword);\ncy.get('#passwordConfirmation').invoke('val', '');\ncy.get('#email').type(randomEmail);\ncy.get('button[type=submit]').click();\ncy.on('window:alert', function (str) {\n  expect(str).to.equal('Your passwords doesn`t match, try again, please');\n});",
              "err": {},
              "uuid": "12fc30f5-eb8c-41ba-a388-d62ee4875e6d",
              "parentUUID": "f52384b6-a50c-4144-be7c-eb66adc242d1",
              "isHook": false,
              "skipped": false
            },
            {
              "title": "TC 23 - Registration - Password Confirmation does not match",
              "fullTitle": "Registration on Gradebook HomePage TC 23 - Registration - Password Confirmation does not match",
              "timedOut": null,
              "duration": 2321,
              "state": "passed",
              "speed": "slow",
              "pass": true,
              "fail": false,
              "pending": false,
              "context": null,
              "code": "_registerPOM.regPage.register(prvoIme, prezIme, randomPassword, 'angelaisadoraduncan1877', randomEmail); //it is not possible to find class for alert popup and this message for confirmation password is not integral part of html input fileds\n\ncy.on('window:alert', function (str) {\n  expect(str).to.equal('Your passwords doesn`t match, try again, please');\n});",
              "err": {},
              "uuid": "fd41b2a2-59ab-48a8-92aa-087e0be50764",
              "parentUUID": "f52384b6-a50c-4144-be7c-eb66adc242d1",
              "isHook": false,
              "skipped": false
            },
            {
              "title": "TC 24 - Registration - A minimum 8 characters password, password pattern rule",
              "fullTitle": "Registration on Gradebook HomePage TC 24 - Registration - A minimum 8 characters password, password pattern rule",
              "timedOut": null,
              "duration": 2056,
              "state": "passed",
              "speed": "slow",
              "pass": true,
              "fail": false,
              "pending": false,
              "context": null,
              "code": "_registerPOM.regPage.register(prvoIme, prezIme, '1234567', '1234567', randomEmail);\ncy.get('#password').then(function ($input) {\n  expect($input[0].validationMessage).to.eq('Please match the format requested.');\n});",
              "err": {},
              "uuid": "8f1d0671-7b72-4ec6-9d39-40563bd46266",
              "parentUUID": "f52384b6-a50c-4144-be7c-eb66adc242d1",
              "isHook": false,
              "skipped": false
            },
            {
              "title": "TC 29 - Reload page buton",
              "fullTitle": "Registration on Gradebook HomePage TC 29 - Reload page buton",
              "timedOut": null,
              "duration": 608,
              "state": "passed",
              "speed": "slow",
              "pass": true,
              "fail": false,
              "pending": false,
              "context": null,
              "code": "cy.reload();\ncy.get('center').eq(0).should('contain.html', 'h1').and('contain.text', '404 Not Found');",
              "err": {},
              "uuid": "44058360-d53e-4e01-9387-d3930a10dfde",
              "parentUUID": "f52384b6-a50c-4144-be7c-eb66adc242d1",
              "isHook": false,
              "skipped": false
            },
            {
              "title": "TC 12 - Register with the same credentials twice",
              "fullTitle": "Registration on Gradebook HomePage TC 12 - Register with the same credentials twice",
              "timedOut": null,
              "duration": 2255,
              "state": "passed",
              "speed": "slow",
              "pass": true,
              "fail": false,
              "pending": false,
              "context": null,
              "code": "_registerPOM.regPage.register('Marko', 'Davidovic', '12345678', '12345678', 'macanes02@gmail.com');\ncy.url().should('include', 'gradebooks');",
              "err": {},
              "uuid": "6d305e78-21af-486f-b823-37a316a19995",
              "parentUUID": "f52384b6-a50c-4144-be7c-eb66adc242d1",
              "isHook": false,
              "skipped": false
            }
          ],
          "suites": [],
          "passes": [
            "8104c79e-8574-474e-a03f-07f687a6e1ea",
            "aa1f8885-91f9-4dec-bb4d-518f149d29b1",
            "6c408425-0adc-43a3-bd42-287f422808af",
            "d2a35878-8aa5-4421-b8a9-2819391266d3",
            "12fc30f5-eb8c-41ba-a388-d62ee4875e6d",
            "fd41b2a2-59ab-48a8-92aa-087e0be50764",
            "8f1d0671-7b72-4ec6-9d39-40563bd46266",
            "44058360-d53e-4e01-9387-d3930a10dfde",
            "6d305e78-21af-486f-b823-37a316a19995"
          ],
          "failures": [],
          "pending": [
            "6356005e-71d7-48f6-a57f-51e43ff53deb"
          ],
          "skipped": [],
          "duration": 18007,
          "root": false,
          "rootEmpty": false,
          "_timeout": 2000
        }
      ],
      "passes": [],
      "failures": [],
      "pending": [],
      "skipped": [],
      "duration": 0,
      "root": true,
      "rootEmpty": true,
      "_timeout": 2000
    }
  ],
  "meta": {
    "mocha": {
      "version": "7.0.1"
    },
    "mochawesome": {
      "options": {
        "quiet": false,
        "reportFilename": "mochawesome",
        "saveHtml": false,
        "saveJson": true,
        "consoleReporter": "spec",
        "useInlineDiffs": false,
        "code": true
      },
      "version": "6.1.1"
    },
    "marge": {
      "options": {
        "id": "default",
        "reportDir": "cypress/reports/mocha",
        "quite": true,
        "overwrite": false,
        "html": false,
        "json": true
      },
      "version": "5.1.0"
    }
  }
}