{
  "stats": {
    "suites": 7,
    "tests": 45,
    "passes": 42,
    "pending": 1,
    "failures": 2,
    "start": "2020-08-29T15:08:56.615Z",
    "end": "2020-08-29T15:08:56.615Z",
    "duration": 169500,
    "testsRegistered": 45,
    "passPercent": 93.33333333333333,
    "pendingPercent": 2.2222222222222223,
    "other": 0,
    "hasOther": false,
    "skipped": 0,
    "hasSkipped": false
  },
  "results": [
    {
      "uuid": "05672b79-4e7b-4675-9610-06fef5052c44",
      "title": "",
      "fullFile": "cypress/integration/addStudents.spec.js",
      "file": "cypress/integration/addStudents.spec.js",
      "beforeHooks": [],
      "afterHooks": [],
      "tests": [],
      "suites": [
        {
          "uuid": "fcee0d83-3a11-4c56-878a-84b480079e0c",
          "title": "Add students",
          "fullFile": "",
          "file": "",
          "beforeHooks": [],
          "afterHooks": [],
          "tests": [
            {
              "title": "TC 66 - Add student without gradebook",
              "fullTitle": "Add students TC 66 - Add student without gradebook",
              "timedOut": null,
              "duration": 2982,
              "state": "passed",
              "speed": "slow",
              "pass": true,
              "fail": false,
              "pending": false,
              "context": null,
              "code": "cy.get('.nav-link').contains('My Gradebook').should('be.visible').click();\ncy.get('.btn').contains('Add Student').should('be.visible').click();\ncy.get('.alert-danger').should('have.text', \"\\n      Message: You dont have your diary. Please first set your own diary\\n    \");",
              "err": {},
              "uuid": "6efeef59-24fd-4fc8-88a8-0e82f8ec88c5",
              "parentUUID": "fcee0d83-3a11-4c56-878a-84b480079e0c",
              "isHook": false,
              "skipped": false
            },
            {
              "title": "TC 51 - Create new gradebook",
              "fullTitle": "Add students TC 51 - Create new gradebook",
              "timedOut": null,
              "duration": 3235,
              "state": "passed",
              "speed": "slow",
              "pass": true,
              "fail": false,
              "pending": false,
              "context": null,
              "code": "cy.get('.nav-link').contains('Create Gradebook').should('be.visible').click();\n_creategbPOM.createGB.creation('Litte Red Riding Hood');",
              "err": {},
              "uuid": "d8f25954-8eeb-4765-8a0c-b055fc5ba1af",
              "parentUUID": "fcee0d83-3a11-4c56-878a-84b480079e0c",
              "isHook": false,
              "skipped": false
            },
            {
              "title": "TC 55 - Add Student to Gradebook",
              "fullTitle": "Add students TC 55 - Add Student to Gradebook",
              "timedOut": null,
              "duration": 6490,
              "state": "failed",
              "speed": null,
              "pass": false,
              "fail": true,
              "pending": false,
              "context": null,
              "code": "cy.get('.nav-link').contains('My Gradebook').click();\ncy.url().should('include', 'my-gradebook');\n_studentPOM.studentGB.studentAdd(randomName, randomSurname, 'https://i.pinimg.com/originals/23/52/f7/2352f71cba2c87344fc611b0e7ee7cb5.jpg');\ncy.url().should('include', 'single-gradebook');",
              "err": {
                "message": "AssertionError: Timed out retrying: Expected to find element: `#firstName`, but never found it.",
                "estack": "AssertionError: Timed out retrying: Expected to find element: `#firstName`, but never found it.\n    at StudentGB.get (https://gradebook.vivifyideas.com/__cypress/tests?p=cypress/integration/addStudents.spec.js:281:17)\n    at StudentGB.studentAdd (https://gradebook.vivifyideas.com/__cypress/tests?p=cypress/integration/addStudents.spec.js:267:12)\n    at Context.eval (https://gradebook.vivifyideas.com/__cypress/tests?p=cypress/integration/addStudents.spec.js:56:27)",
                "diff": null
              },
              "uuid": "72671515-6ca5-496d-9c3b-6a375a729e5b",
              "parentUUID": "fcee0d83-3a11-4c56-878a-84b480079e0c",
              "isHook": false,
              "skipped": false
            },
            {
              "title": "TC 55 multiple - Gradebook, with 3 new student",
              "fullTitle": "Add students TC 55 multiple - Gradebook, with 3 new student",
              "timedOut": null,
              "duration": 8397,
              "state": "failed",
              "speed": null,
              "pass": false,
              "fail": true,
              "pending": false,
              "context": null,
              "code": "cy.get('.nav-link').contains('My Gradebook').click();\ncy.url().should('include', 'my-gradebook');\nfor (var i = 0; i < 3; i++) {\n  _studentPOM.studentGB.studentAdd(randomName, randomSurname, 'https://i.pinimg.com/originals/23/52/f7/2352f71cba2c87344fc611b0e7ee7cb5.jpg');\n}\n;",
              "err": {
                "message": "AssertionError: Timed out retrying: Expected to find element: `#firstName`, but never found it.",
                "estack": "AssertionError: Timed out retrying: Expected to find element: `#firstName`, but never found it.\n    at StudentGB.get (https://gradebook.vivifyideas.com/__cypress/tests?p=cypress/integration/addStudents.spec.js:281:17)\n    at StudentGB.studentAdd (https://gradebook.vivifyideas.com/__cypress/tests?p=cypress/integration/addStudents.spec.js:267:12)\n    at Context.eval (https://gradebook.vivifyideas.com/__cypress/tests?p=cypress/integration/addStudents.spec.js:65:29)",
                "diff": null
              },
              "uuid": "1b94dae2-f51c-4465-b389-e2f3a4951cbe",
              "parentUUID": "fcee0d83-3a11-4c56-878a-84b480079e0c",
              "isHook": false,
              "skipped": false
            },
            {
              "title": "TC 65 - Delete my gradebook",
              "fullTitle": "Add students TC 65 - Delete my gradebook",
              "timedOut": null,
              "duration": 3083,
              "state": "passed",
              "speed": "slow",
              "pass": true,
              "fail": false,
              "pending": false,
              "context": null,
              "code": "cy.get('.nav-link').contains('My Gradebook').click();\ncy.url().should('include', 'my-gradebook');\ncy.get('.btn-danger').should('be.visible').click();\ncy.wait('@gb');\ncy.url().should('eq', 'https://gradebook.vivifyideas.com/gradebooks');\ncy.get('input[type=text]').should('be.visible').type('Little Red');\ncy.get('.btn').contains('Search').should('be.visible').click();\ncy.contains('There is no more gradebooks in base, try again').should('be.visible');",
              "err": {},
              "uuid": "bcf3ffdb-8687-4db8-9e8a-935e93ec494c",
              "parentUUID": "fcee0d83-3a11-4c56-878a-84b480079e0c",
              "isHook": false,
              "skipped": false
            }
          ],
          "suites": [],
          "passes": [
            "6efeef59-24fd-4fc8-88a8-0e82f8ec88c5",
            "d8f25954-8eeb-4765-8a0c-b055fc5ba1af",
            "bcf3ffdb-8687-4db8-9e8a-935e93ec494c"
          ],
          "failures": [
            "72671515-6ca5-496d-9c3b-6a375a729e5b",
            "1b94dae2-f51c-4465-b389-e2f3a4951cbe"
          ],
          "pending": [],
          "skipped": [],
          "duration": 24187,
          "root": false,
          "rootEmpty": false,
          "_timeout": 2000
        }
      ],
      "passes": [],
      "failures": [],
      "pending": [],
      "skipped": [],
      "duration": 0,
      "root": true,
      "rootEmpty": true,
      "_timeout": 2000
    },
    {
      "uuid": "a932e66f-9227-41d5-aff2-6ea40d706a39",
      "title": "",
      "fullFile": "cypress/integration/another_author.spec.js",
      "file": "cypress/integration/another_author.spec.js",
      "beforeHooks": [],
      "afterHooks": [],
      "tests": [],
      "suites": [
        {
          "uuid": "c4996192-eebd-4179-9e11-cda44071aaba",
          "title": "Visit and modify another author gradebook",
          "fullFile": "",
          "file": "",
          "beforeHooks": [],
          "afterHooks": [],
          "tests": [
            {
              "title": "TC 31 - Visit Single Gradebebook Page of another author-professor",
              "fullTitle": "Visit and modify another author gradebook TC 31 - Visit Single Gradebebook Page of another author-professor",
              "timedOut": null,
              "duration": 2678,
              "state": "passed",
              "speed": "slow",
              "pass": true,
              "fail": false,
              "pending": false,
              "context": null,
              "code": "cy.get('.table-dark th').eq(0).should('contain', 'Gradebook');\ncy.get('.table-dark th').eq(2).should('contain.text', 'Created at');\ncy.get('.table-dark td').eq(0).click();\ncy.url().should('include', 'single-gradebook');",
              "err": {},
              "uuid": "093b2164-4356-4bb8-b1d1-6e80a23b9954",
              "parentUUID": "c4996192-eebd-4179-9e11-cda44071aaba",
              "isHook": false,
              "skipped": false
            },
            {
              "title": "TC 34 - Add Student to Gradebook of other professor(author) with image",
              "fullTitle": "Visit and modify another author gradebook TC 34 - Add Student to Gradebook of other professor(author) with image",
              "timedOut": null,
              "duration": 5474,
              "state": "passed",
              "speed": "slow",
              "pass": true,
              "fail": false,
              "pending": false,
              "context": null,
              "code": "cy.get('.table-dark td').eq(0).click();\ncy.url().should('include', 'single-gradebook');\n_studentPOM.studentGB.studentAdd('Sergei', 'Yesenin', 'https://glamourprin.files.wordpress.com/2018/01/230px-esenin_moscow_1922.jpg');",
              "err": {},
              "uuid": "da032f4e-079d-4bdc-88a4-ea006e1c4c7b",
              "parentUUID": "c4996192-eebd-4179-9e11-cda44071aaba",
              "isHook": false,
              "skipped": false
            },
            {
              "title": "TC 35 - Edit Gradebook of the other author( title and professor)",
              "fullTitle": "Visit and modify another author gradebook TC 35 - Edit Gradebook of the other author( title and professor)",
              "timedOut": null,
              "duration": 8256,
              "state": "passed",
              "speed": "slow",
              "pass": true,
              "fail": false,
              "pending": false,
              "context": null,
              "code": "cy.get('.table-dark td').eq(0).click();\ncy.url().should('include', 'single-gradebook');\ncy.get('.btn-warning').contains('Edit Gradebook').click();\ncy.url().should('contain', 'single-gradebook');\ncy.get('#title').clear().type(randomTitle); // Tantalus' struggle\ncy.get('#professor').find('option').then(function ($elm) {\n  return $elm.get(1).setAttribute('selected', \"selected\");\n}).parent().trigger('change');\ncy.get('.btn-primary').contains('Submit').click();",
              "err": {},
              "uuid": "203f4151-0133-4c18-90e0-d2c79d4bd85f",
              "parentUUID": "c4996192-eebd-4179-9e11-cda44071aaba",
              "isHook": false,
              "skipped": false
            },
            {
              "title": "TC 38 - Write comment at the Single Gradebook Page from other author (255 characters)",
              "fullTitle": "Visit and modify another author gradebook TC 38 - Write comment at the Single Gradebook Page from other author (255 characters)",
              "timedOut": null,
              "duration": 7979,
              "state": "passed",
              "speed": "slow",
              "pass": true,
              "fail": false,
              "pending": false,
              "context": null,
              "code": "cy.get('.table-dark td').eq(0).click();\ncy.url().should('include', 'single-gradebook');\ncy.get('textarea').should('be.visible').and('have.attr', 'placeholder', 'Writte your comment').type(alphanum);\ncy.get('.btn-primary').contains('Submit Comment').should('be.visible').click();",
              "err": {},
              "uuid": "da039bea-2cf4-4abc-9c0b-405cd988b41f",
              "parentUUID": "c4996192-eebd-4179-9e11-cda44071aaba",
              "isHook": false,
              "skipped": false
            },
            {
              "title": "TC 41 - Delete comment written by user on Single Gradebook Page of other author",
              "fullTitle": "Visit and modify another author gradebook TC 41 - Delete comment written by user on Single Gradebook Page of other author",
              "timedOut": null,
              "duration": 2103,
              "state": "passed",
              "speed": "slow",
              "pass": true,
              "fail": false,
              "pending": false,
              "context": null,
              "code": "cy.get('.table-dark td').eq(0).click();\ncy.url().should('include', 'single-gradebook');\ncy.get('.btn-danger').last().contains('Delete').click();",
              "err": {},
              "uuid": "bd913572-0d18-49ec-9845-f30142e7138f",
              "parentUUID": "c4996192-eebd-4179-9e11-cda44071aaba",
              "isHook": false,
              "skipped": false
            },
            {
              "title": "TC 43 - Delete Gradebook of other author(professor)",
              "fullTitle": "Visit and modify another author gradebook TC 43 - Delete Gradebook of other author(professor)",
              "timedOut": null,
              "duration": 2058,
              "state": "passed",
              "speed": "slow",
              "pass": true,
              "fail": false,
              "pending": false,
              "context": null,
              "code": "cy.get('.table-dark td').eq(0).click();\ncy.url().should('include', 'single-gradebook');\ncy.get('.btn-danger').contains('Delete Gradebook').click();",
              "err": {},
              "uuid": "520c88c6-d54f-4005-9e68-7cef111e046d",
              "parentUUID": "c4996192-eebd-4179-9e11-cda44071aaba",
              "isHook": false,
              "skipped": false
            },
            {
              "title": "TC 46 - Gradebook Filter - click on the Professor name of the filtered gradebook",
              "fullTitle": "Visit and modify another author gradebook TC 46 - Gradebook Filter - click on the Professor name of the filtered gradebook",
              "timedOut": null,
              "duration": 1853,
              "state": "passed",
              "speed": "slow",
              "pass": true,
              "fail": false,
              "pending": false,
              "context": null,
              "code": "cy.get('.table-dark td').eq(1).click();\ncy.url().should('contain', 'single-professor');",
              "err": {},
              "uuid": "2291788a-06dc-4041-a6d0-d82ef8912afd",
              "parentUUID": "c4996192-eebd-4179-9e11-cda44071aaba",
              "isHook": false,
              "skipped": false
            }
          ],
          "suites": [],
          "passes": [
            "093b2164-4356-4bb8-b1d1-6e80a23b9954",
            "da032f4e-079d-4bdc-88a4-ea006e1c4c7b",
            "203f4151-0133-4c18-90e0-d2c79d4bd85f",
            "da039bea-2cf4-4abc-9c0b-405cd988b41f",
            "bd913572-0d18-49ec-9845-f30142e7138f",
            "520c88c6-d54f-4005-9e68-7cef111e046d",
            "2291788a-06dc-4041-a6d0-d82ef8912afd"
          ],
          "failures": [],
          "pending": [],
          "skipped": [],
          "duration": 30401,
          "root": false,
          "rootEmpty": false,
          "_timeout": 2000
        }
      ],
      "passes": [],
      "failures": [],
      "pending": [],
      "skipped": [],
      "duration": 0,
      "root": true,
      "rootEmpty": true,
      "_timeout": 2000
    },
    {
      "uuid": "a49dad24-7413-4447-8b16-2f0475a76d3e",
      "title": "",
      "fullFile": "cypress/integration/comments.spec.js",
      "file": "cypress/integration/comments.spec.js",
      "beforeHooks": [],
      "afterHooks": [],
      "tests": [],
      "suites": [
        {
          "uuid": "6c87113b-8f14-472b-9f1c-f8af3c843083",
          "title": "Write and delete comments",
          "fullFile": "",
          "file": "",
          "beforeHooks": [],
          "afterHooks": [],
          "tests": [
            {
              "title": "TC 67 - Write comment without gradebook on My Gradebook Page",
              "fullTitle": "Write and delete comments TC 67 - Write comment without gradebook on My Gradebook Page",
              "timedOut": null,
              "duration": 3508,
              "state": "passed",
              "speed": "slow",
              "pass": true,
              "fail": false,
              "pending": false,
              "context": null,
              "code": "cy.get('.nav-link').contains('My Gradebook').should('be.visible').invoke('removeAttr', 'target').click();\ncy.url().should('include', 'my-gradebook');\ncy.get('textarea').should('be.visible').and('have.attr', 'placeholder', 'Writte your comment').type(words);\ncy.get('.btn').contains('Submit Comment').should('be.visible').click();\ncy.get('.alert-danger').should('have.text', \"\\n      Message: You dont have your diary. Please first set your own diary\\n    \");",
              "err": {},
              "uuid": "9b691d63-70d0-46e1-bfe7-b4168c320dd3",
              "parentUUID": "6c87113b-8f14-472b-9f1c-f8af3c843083",
              "isHook": false,
              "skipped": false
            },
            {
              "title": "TC 68 - Should be able to create comment on own gradebook",
              "fullTitle": "Write and delete comments TC 68 - Should be able to create comment on own gradebook",
              "timedOut": null,
              "duration": 4861,
              "state": "passed",
              "speed": "slow",
              "pass": true,
              "fail": false,
              "pending": false,
              "context": null,
              "code": "cy.get('.nav-link').contains('Create Gradebook').should('be.visible').click();\n_creategbPOM.createGB.creation('Litte Red Riding Hood');\ncy.url().should('eq', 'https://gradebook.vivifyideas.com/gradebooks');\ncy.get('.nav-link').contains('My Gradebook').should('be.visible').invoke('removeAttr', 'target').click();\ncy.url().should('include', 'my-gradebook');\ncy.get('textarea').should('be.visible').and('have.attr', 'placeholder', 'Writte your comment').type('Crvenkapa');\ncy.get('.btn').contains('Submit Comment').should('be.visible').click();\ncy.wait('@gb');\ncy.get('.nav-link').contains('Gradebooks').should('be.visible').click();\ncy.wait('@gb');\ncy.get('.nav-link').contains('My Gradebook').click();\ncy.url().should('include', 'my-gradebook');\ncy.get('.comments-box').should('have.descendants', '.comments');",
              "err": {},
              "uuid": "67a651ef-eebc-4c2a-a2b0-c95db9056854",
              "parentUUID": "6c87113b-8f14-472b-9f1c-f8af3c843083",
              "isHook": false,
              "skipped": false
            },
            {
              "title": "TC 68 multiple - Should be able to write multiple comments",
              "fullTitle": "Write and delete comments TC 68 multiple - Should be able to write multiple comments",
              "timedOut": null,
              "duration": 5599,
              "state": "passed",
              "speed": "slow",
              "pass": true,
              "fail": false,
              "pending": false,
              "context": null,
              "code": "cy.get('.nav-link').contains('My Gradebook').click();\ncy.url().should('include', 'my-gradebook');\nfor (var i = 0; i < 3; i++) {\n  cy.get('textarea').type(words);\n  cy.get('.btn').contains('Submit Comment').should('be.visible').click();\n  cy.get('.nav-link').contains('Gradebooks').should('be.visible').click();\n  cy.get('.nav-link').contains('My Gradebook').click();\n}\n;",
              "err": {},
              "uuid": "808bd287-b2f0-4c6e-b60d-a1e1c09c9152",
              "parentUUID": "6c87113b-8f14-472b-9f1c-f8af3c843083",
              "isHook": false,
              "skipped": false
            },
            {
              "title": "TC 71 - Delete comments on My Gradebook Page",
              "fullTitle": "Write and delete comments TC 71 - Delete comments on My Gradebook Page",
              "timedOut": null,
              "duration": 2859,
              "state": "passed",
              "speed": "slow",
              "pass": true,
              "fail": false,
              "pending": false,
              "context": null,
              "code": "cy.get('.nav-link').contains('My Gradebook').click();\nfor (var i = 0; i < 4; i++) {\n  cy.get('.btn-danger').eq(1).contains('Delete').click();\n  cy.get('.nav-link').contains('My Gradebook').click();\n}\ncy.location().should(function (loc) {\n  expect(loc.pathname).to.include('/my-gradebook');\n  expect(loc.search).to.be.empty;\n});\ncy.get('.comments-box').should('not.have.descendants', '.comments');",
              "err": {},
              "uuid": "5cff23ec-29f1-40f4-b394-04db05670fa3",
              "parentUUID": "6c87113b-8f14-472b-9f1c-f8af3c843083",
              "isHook": false,
              "skipped": false
            },
            {
              "title": "TC 65 - Delete my gradebook",
              "fullTitle": "Write and delete comments TC 65 - Delete my gradebook",
              "timedOut": null,
              "duration": 2166,
              "state": "passed",
              "speed": "slow",
              "pass": true,
              "fail": false,
              "pending": false,
              "context": null,
              "code": "cy.get('.nav-link').contains('My Gradebook').click();\ncy.url().should('include', 'my-gradebook');\ncy.get('.btn-danger').contains('Delete Gradebook').click();\ncy.url().should('eq', 'https://gradebook.vivifyideas.com/gradebooks');",
              "err": {},
              "uuid": "68730b33-ac1c-4e92-8f83-0c48ce2750ab",
              "parentUUID": "6c87113b-8f14-472b-9f1c-f8af3c843083",
              "isHook": false,
              "skipped": false
            }
          ],
          "suites": [],
          "passes": [
            "9b691d63-70d0-46e1-bfe7-b4168c320dd3",
            "67a651ef-eebc-4c2a-a2b0-c95db9056854",
            "808bd287-b2f0-4c6e-b60d-a1e1c09c9152",
            "5cff23ec-29f1-40f4-b394-04db05670fa3",
            "68730b33-ac1c-4e92-8f83-0c48ce2750ab"
          ],
          "failures": [],
          "pending": [],
          "skipped": [],
          "duration": 18993,
          "root": false,
          "rootEmpty": false,
          "_timeout": 2000
        }
      ],
      "passes": [],
      "failures": [],
      "pending": [],
      "skipped": [],
      "duration": 0,
      "root": true,
      "rootEmpty": true,
      "_timeout": 2000
    },
    {
      "uuid": "44247b17-c4ec-4b4c-b0cd-89c083344bdb",
      "title": "",
      "fullFile": "cypress/integration/create_professor.spec.js",
      "file": "cypress/integration/create_professor.spec.js",
      "beforeHooks": [],
      "afterHooks": [],
      "tests": [],
      "suites": [
        {
          "uuid": "6cc7ae10-1cd9-421c-b383-67a56360a246",
          "title": "Create Professor",
          "fullFile": "",
          "file": "",
          "beforeHooks": [],
          "afterHooks": [],
          "tests": [
            {
              "title": "TC 75 - Professors - Create Professor",
              "fullTitle": "Create Professor TC 75 - Professors - Create Professor",
              "timedOut": null,
              "duration": 8486,
              "state": "passed",
              "speed": "slow",
              "pass": true,
              "fail": false,
              "pending": false,
              "context": null,
              "code": "cy.get('#navbardrop').click();\ncy.get('.nav-item').contains('Create Professor').click();\ncy.url().should('include', 'create-professor');\n_professorPOM.professorGB.createProf('Tom', 'Waits', 'https://i.pinimg.com/564x/be/cd/52/becd52f1b4e40426b6fb75feef2fbfbc.jpg');\ncy.wait('@allpro');\ncy.scrollTo('bottom');\ncy.url().should('include', 'all-professors');",
              "err": {},
              "uuid": "4972c673-7a2c-4d78-8f0f-879baf2577dc",
              "parentUUID": "6cc7ae10-1cd9-421c-b383-67a56360a246",
              "isHook": false,
              "skipped": false
            },
            {
              "title": "TC 76 - Professors - Create Professor without adding image",
              "fullTitle": "Create Professor TC 76 - Professors - Create Professor without adding image",
              "timedOut": null,
              "duration": 2809,
              "state": "passed",
              "speed": "slow",
              "pass": true,
              "fail": false,
              "pending": false,
              "context": null,
              "code": "cy.get('#navbardrop').click();\ncy.get('.nav-item').contains('Create Professor').click();\ncy.url().should('include', 'create-professor');\ncy.get('#firstName').type(randomName);\ncy.get('#lastName').type(randomSurname);\ncy.get('.btn-primary').contains('Add images').click();\ncy.get('input[placeholder=\"Image URL\"]').invoke('val', '');\ncy.get('.btn-primary').contains('Submit');\ncy.get('input[placeholder=\"Image URL\"]').then(function ($input) {\n  expect($input[0].validationMessage).to.eq('Please fill in this field.');\n});",
              "err": {},
              "uuid": "2cdc5f0e-1953-4a2b-8027-e04f8cdb18da",
              "parentUUID": "6cc7ae10-1cd9-421c-b383-67a56360a246",
              "isHook": false,
              "skipped": false
            },
            {
              "title": "TC 73 - Professors filter",
              "fullTitle": "Create Professor TC 73 - Professors filter",
              "timedOut": null,
              "duration": 4910,
              "state": "passed",
              "speed": "slow",
              "pass": true,
              "fail": false,
              "pending": false,
              "context": null,
              "code": "cy.get('#navbardrop').click();\ncy.get('.nav-item').contains('All Professors').click();\ncy.url().should('include', 'all-professors'); //mora delay jer ako ne stavim ostane samo crna tabla sa thead bez podataka u row ispod o izabranom profesoru\ncy.get('input[type=text').type('Tom', {\n  delay: 100\n});\ncy.scrollTo('bottom');",
              "err": {},
              "uuid": "c5edc480-4178-445f-b2b9-efa5af712f7c",
              "parentUUID": "6cc7ae10-1cd9-421c-b383-67a56360a246",
              "isHook": false,
              "skipped": false
            }
          ],
          "suites": [],
          "passes": [
            "4972c673-7a2c-4d78-8f0f-879baf2577dc",
            "2cdc5f0e-1953-4a2b-8027-e04f8cdb18da",
            "c5edc480-4178-445f-b2b9-efa5af712f7c"
          ],
          "failures": [],
          "pending": [],
          "skipped": [],
          "duration": 16205,
          "root": false,
          "rootEmpty": false,
          "_timeout": 2000
        }
      ],
      "passes": [],
      "failures": [],
      "pending": [],
      "skipped": [],
      "duration": 0,
      "root": true,
      "rootEmpty": true,
      "_timeout": 2000
    },
    {
      "uuid": "e10eb88b-4eaa-4a67-9a2e-9cac2780e791",
      "title": "",
      "fullFile": "cypress/integration/login.spec.js",
      "file": "cypress/integration/login.spec.js",
      "beforeHooks": [],
      "afterHooks": [],
      "tests": [],
      "suites": [
        {
          "uuid": "c69e88f7-0719-4ce9-a766-8f4a203ae8be",
          "title": "The Home Page",
          "fullFile": "",
          "file": "",
          "beforeHooks": [],
          "afterHooks": [],
          "tests": [
            {
              "title": "TC 4 - Sign in with non registered email address",
              "fullTitle": "The Home Page TC 4 - Sign in with non registered email address",
              "timedOut": null,
              "duration": 2139,
              "state": "passed",
              "speed": "slow",
              "pass": true,
              "fail": false,
              "pending": false,
              "context": null,
              "code": "cy.get('.nav-link').contains('Sign in').click();\n_loginPOM.authPage.signin(randomEmail, _user.user.password);\ncy.url().should('be.eq', 'https://gradebook.vivifyideas.com/login');\ncy.get('.nav-link').contains('Sign in').should('be.visible');",
              "err": {},
              "uuid": "bff09cc2-4fd2-467c-8a36-d51fa2f0d30e",
              "parentUUID": "c69e88f7-0719-4ce9-a766-8f4a203ae8be",
              "isHook": false,
              "skipped": false
            },
            {
              "title": "TC 5 - Sign in with wrong password",
              "fullTitle": "The Home Page TC 5 - Sign in with wrong password",
              "timedOut": null,
              "duration": 1429,
              "state": "passed",
              "speed": "slow",
              "pass": true,
              "fail": false,
              "pending": false,
              "context": null,
              "code": "cy.get('.nav-link').contains('Sign in').click();\n_loginPOM.authPage.signin(_user.user.email, randomPassword);\ncy.url().should('be.eq', 'https://gradebook.vivifyideas.com/login');\ncy.get('.nav-link').contains('Sign in').should('be.visible');",
              "err": {},
              "uuid": "15683eca-2c83-4fb4-9f3d-d4ab24051ef6",
              "parentUUID": "c69e88f7-0719-4ce9-a766-8f4a203ae8be",
              "isHook": false,
              "skipped": false
            },
            {
              "title": "TC 7 - Sign in with valid email and password",
              "fullTitle": "The Home Page TC 7 - Sign in with valid email and password",
              "timedOut": null,
              "duration": 1653,
              "state": "passed",
              "speed": "slow",
              "pass": true,
              "fail": false,
              "pending": false,
              "context": null,
              "code": "_loginPOM.authPage.signin(_user.user.email, _user.user.password);\ncy.wait('@gb');\ncy.url().should('be.eq', 'https://gradebook.vivifyideas.com/gradebooks');",
              "err": {},
              "uuid": "b6c9ff64-2659-4502-93cf-57aabd191876",
              "parentUUID": "c69e88f7-0719-4ce9-a766-8f4a203ae8be",
              "isHook": false,
              "skipped": false
            },
            {
              "title": "Navigation after signin",
              "fullTitle": "The Home Page Navigation after signin",
              "timedOut": null,
              "duration": 2472,
              "state": "passed",
              "speed": "slow",
              "pass": true,
              "fail": false,
              "pending": false,
              "context": null,
              "code": "_loginPOM.authPage.signin(_user.user.email, _user.user.password);\ncy.wait('@gb');\ncy.url().should('include', 'gradebooks');\ncy.scrollTo('bottom');\ncy.get('.btn').contains('Next').should('be.visible').click();\ncy.get('.btn').contains('Previous').should('be.visible').click();\ncy.get('.nav-link').contains('Sign out').should('be.visible');\ncy.go('back'); //logged but back to login page:\ncy.get('.form-signin-heading').should('contain', 'Please login'); //forward to gradebook home page but without login:\ncy.go('forward');\ncy.location().should(function (loc) {\n  expect(loc.pathname).to.eq('/gradebooks');\n});",
              "err": {},
              "uuid": "82b2e9f1-1d37-4b2a-9656-aa9194efd01e",
              "parentUUID": "c69e88f7-0719-4ce9-a766-8f4a203ae8be",
              "isHook": false,
              "skipped": false
            },
            {
              "title": "TC Special - Sig in without any credentials",
              "fullTitle": "The Home Page TC Special - Sig in without any credentials",
              "timedOut": null,
              "duration": 429,
              "state": "passed",
              "speed": "slow",
              "pass": true,
              "fail": false,
              "pending": false,
              "context": null,
              "code": "cy.get('input[type=text]').invoke('val', '');\ncy.get('input[type=password]').invoke('val', '');\ncy.get('button[type=submit]').click();\ncy.get('input[type=text]').then(function ($input) {\n  expect($input[0].validationMessage).to.eq('Please fill in this field.');\n});",
              "err": {},
              "uuid": "3daae757-99bb-4911-a4d3-89a4ab8c7abf",
              "parentUUID": "c69e88f7-0719-4ce9-a766-8f4a203ae8be",
              "isHook": false,
              "skipped": false
            },
            {
              "title": "TC 8 - Verify the logout operation",
              "fullTitle": "The Home Page TC 8 - Verify the logout operation",
              "timedOut": null,
              "duration": 1746,
              "state": "passed",
              "speed": "slow",
              "pass": true,
              "fail": false,
              "pending": false,
              "context": null,
              "code": "_loginPOM.authPage.signin(_user.user.email, _user.user.password);\ncy.wait('@gb');\ncy.url().should('be.eq', 'https://gradebook.vivifyideas.com/gradebooks');\ncy.get('.nav-link').contains('Sign out').should('be.visible').click();\ncy.url().should('be.eq', 'https://gradebook.vivifyideas.com/login');",
              "err": {},
              "uuid": "fe50b2ef-c5ab-4b9b-bccf-b800647815cf",
              "parentUUID": "c69e88f7-0719-4ce9-a766-8f4a203ae8be",
              "isHook": false,
              "skipped": false
            }
          ],
          "suites": [],
          "passes": [
            "bff09cc2-4fd2-467c-8a36-d51fa2f0d30e",
            "15683eca-2c83-4fb4-9f3d-d4ab24051ef6",
            "b6c9ff64-2659-4502-93cf-57aabd191876",
            "82b2e9f1-1d37-4b2a-9656-aa9194efd01e",
            "3daae757-99bb-4911-a4d3-89a4ab8c7abf",
            "fe50b2ef-c5ab-4b9b-bccf-b800647815cf"
          ],
          "failures": [],
          "pending": [],
          "skipped": [],
          "duration": 9868,
          "root": false,
          "rootEmpty": false,
          "_timeout": 2000
        }
      ],
      "passes": [],
      "failures": [],
      "pending": [],
      "skipped": [],
      "duration": 0,
      "root": true,
      "rootEmpty": true,
      "_timeout": 2000
    },
    {
      "uuid": "9822e2d7-fbd7-4395-bafc-bbfe68c193df",
      "title": "",
      "fullFile": "cypress/integration/myGradebook.spec.js",
      "file": "cypress/integration/myGradebook.spec.js",
      "beforeHooks": [],
      "afterHooks": [],
      "tests": [],
      "suites": [
        {
          "uuid": "70fb50ae-bd78-44a4-bddc-a2463df7423a",
          "title": "Create, edit, and delete my gradebook",
          "fullFile": "",
          "file": "",
          "beforeHooks": [],
          "afterHooks": [],
          "tests": [
            {
              "title": "POST-login",
              "fullTitle": "Create, edit, and delete my gradebook POST-login",
              "timedOut": null,
              "duration": 2879,
              "state": "passed",
              "speed": "slow",
              "pass": true,
              "fail": false,
              "pending": false,
              "context": null,
              "code": "//for both cy.loginBeck and with rq, I will stay not signed in\ncy.loginBeck(_user.user.email, _user.user.password);\ncy.request('POST', 'https://gradebook-api.vivifyideas.com/api/login', {\n  \"email\": \"Clarabelle55@yahoo.com\",\n  \"password\": \"angelaisadoraduncan1877\"\n}).then(function (response) {\n  expect(response.body).to.have.property('token');\n  localStorage.setItem('loginToken', response.body.token);\n});",
              "err": {},
              "uuid": "2855a009-2223-4795-b313-5e73977a7cfd",
              "parentUUID": "70fb50ae-bd78-44a4-bddc-a2463df7423a",
              "isHook": false,
              "skipped": false
            },
            {
              "title": "TC 51 - Create gradebook",
              "fullTitle": "Create, edit, and delete my gradebook TC 51 - Create gradebook",
              "timedOut": null,
              "duration": 4338,
              "state": "passed",
              "speed": "slow",
              "pass": true,
              "fail": false,
              "pending": false,
              "context": null,
              "code": "cy.get('.nav-link').contains('Create Gradebook').should('be.visible').click();\n_creategbPOM.createGB.creation('Little Red Riding Hood');\ncy.wait('@gb');\ncy.url().should('eq', 'https://gradebook.vivifyideas.com/gradebooks');",
              "err": {},
              "uuid": "39f974b6-acbf-47c0-a46a-dc2d2bef2b69",
              "parentUUID": "70fb50ae-bd78-44a4-bddc-a2463df7423a",
              "isHook": false,
              "skipped": false
            },
            {
              "title": "TC 52 - Gradebook Filter - find newly created gradebook",
              "fullTitle": "Create, edit, and delete my gradebook TC 52 - Gradebook Filter - find newly created gradebook",
              "timedOut": null,
              "duration": 2526,
              "state": "passed",
              "speed": "slow",
              "pass": true,
              "fail": false,
              "pending": false,
              "context": null,
              "code": "cy.get('input[type=text]').type('Little Red Riding Hood');\ncy.get('.btn-primary').contains('Search').click();",
              "err": {},
              "uuid": "e2c7d905-d46d-406d-99e6-e385d15ddff2",
              "parentUUID": "70fb50ae-bd78-44a4-bddc-a2463df7423a",
              "isHook": false,
              "skipped": false
            },
            {
              "title": "TC 61 - Edit gradebook title",
              "fullTitle": "Create, edit, and delete my gradebook TC 61 - Edit gradebook title",
              "timedOut": null,
              "duration": 2961,
              "state": "passed",
              "speed": "slow",
              "pass": true,
              "fail": false,
              "pending": false,
              "context": null,
              "code": "cy.get('.nav-link').contains('My Gradebook').click();\ncy.url().should('include', 'my-gradebook');\ncy.get('.btn-warning').contains('Edit Gradebook').should('be.visible').click();\ncy.url().should('contain', 'single-gradebook');\ncy.get('#title').clear().type(randomTitle);\ncy.get('.btn-primary').contains('Submit').click();\ncy.url().should('eq', 'https://gradebook.vivifyideas.com/gradebooks');",
              "err": {},
              "uuid": "e385c4b3-65fc-4e4e-bbcb-ba9db6e2bd0f",
              "parentUUID": "70fb50ae-bd78-44a4-bddc-a2463df7423a",
              "isHook": false,
              "skipped": false
            },
            {
              "title": "TC 62 - Edit gradebook title(255 characters)",
              "fullTitle": "Create, edit, and delete my gradebook TC 62 - Edit gradebook title(255 characters)",
              "timedOut": null,
              "duration": 11429,
              "state": "passed",
              "speed": "slow",
              "pass": true,
              "fail": false,
              "pending": false,
              "context": null,
              "code": "cy.get('.nav-link').contains('My Gradebook').click();\ncy.url().should('include', 'my-gradebook');\ncy.get('.btn-warning').contains('Edit Gradebook').should('be.visible').click();\ncy.url().should('contain', 'single-gradebook');\ncy.get('#title').clear().type(alphanum);\ncy.get('.btn-primary').contains('Submit').click();\ncy.url().should('eq', 'https://gradebook.vivifyideas.com/gradebooks');",
              "err": {},
              "uuid": "47a3d23d-366d-48b2-8b17-79245a121cbb",
              "parentUUID": "70fb50ae-bd78-44a4-bddc-a2463df7423a",
              "isHook": false,
              "skipped": false
            },
            {
              "title": "TC 63 - Edit gradebook title(256 characters)",
              "fullTitle": "Create, edit, and delete my gradebook TC 63 - Edit gradebook title(256 characters)",
              "timedOut": null,
              "duration": 11187,
              "state": "passed",
              "speed": "slow",
              "pass": true,
              "fail": false,
              "pending": false,
              "context": null,
              "code": "cy.get('.nav-link').contains('My Gradebook').click();\ncy.url().should('include', 'my-gradebook');\ncy.get('.btn-warning').contains('Edit Gradebook').should('be.visible').click();\ncy.url().should('contain', 'single-gradebook');\ncy.get('#title').clear().type(supraalphanum);\ncy.get('.btn-primary').contains('Submit').click();\ncy.url().should('eq', 'https://gradebook.vivifyideas.com/gradebooks');",
              "err": {},
              "uuid": "8d622c55-c242-4c04-8d3c-8161cc402be4",
              "parentUUID": "70fb50ae-bd78-44a4-bddc-a2463df7423a",
              "isHook": false,
              "skipped": false
            },
            {
              "title": "TC 64 - Edit gradebook title(257 characters)",
              "fullTitle": "Create, edit, and delete my gradebook TC 64 - Edit gradebook title(257 characters)",
              "timedOut": null,
              "duration": 11065,
              "state": "passed",
              "speed": "slow",
              "pass": true,
              "fail": false,
              "pending": false,
              "context": null,
              "code": "cy.get('.nav-link').contains('My Gradebook').click();\ncy.url().should('include', 'my-gradebook');\ncy.get('.btn-warning').contains('Edit Gradebook').should('be.visible').click();\ncy.url().should('contain', 'single-gradebook');\ncy.get('#title').clear().type(supremealphanum);\ncy.get('.btn-primary').contains('Submit').click();\ncy.url().should('include', 'single-gradebook');",
              "err": {},
              "uuid": "ae9b2bff-278c-4aa9-9d24-6fe756fa1731",
              "parentUUID": "70fb50ae-bd78-44a4-bddc-a2463df7423a",
              "isHook": false,
              "skipped": false
            },
            {
              "title": "TC 52 - Gradebook Filter - find newly created gradebook with previous title, before edited",
              "fullTitle": "Create, edit, and delete my gradebook TC 52 - Gradebook Filter - find newly created gradebook with previous title, before edited",
              "timedOut": null,
              "duration": 2576,
              "state": "passed",
              "speed": "slow",
              "pass": true,
              "fail": false,
              "pending": false,
              "context": null,
              "code": "cy.get('input[type=text]').type('Litte Rot Riding Hood');\ncy.get('.btn-primary').contains('Search').click();",
              "err": {},
              "uuid": "97504571-e0da-438d-a019-5bd5f87960a2",
              "parentUUID": "70fb50ae-bd78-44a4-bddc-a2463df7423a",
              "isHook": false,
              "skipped": false
            },
            {
              "title": "TC 65 - Delete my gradebook",
              "fullTitle": "Create, edit, and delete my gradebook TC 65 - Delete my gradebook",
              "timedOut": null,
              "duration": 2878,
              "state": "passed",
              "speed": "slow",
              "pass": true,
              "fail": false,
              "pending": false,
              "context": null,
              "code": "cy.get('.nav-link').contains('My Gradebook').click();\ncy.url().should('include', 'my-gradebook');\ncy.get('.btn-danger').should('be.visible').click();\ncy.url().should('eq', 'https://gradebook.vivifyideas.com/gradebooks'); //filter after deleted gradebook\ncy.get('input[type=text]').should('be.visible').type('Little Rot Riding Hood');\ncy.get('.btn').contains('Search').should('be.visible').click();\ncy.contains('There is no more gradebooks in base, try again').should('be.visible');",
              "err": {},
              "uuid": "ef18c339-d02e-426a-bb48-068a190a5b61",
              "parentUUID": "70fb50ae-bd78-44a4-bddc-a2463df7423a",
              "isHook": false,
              "skipped": false
            }
          ],
          "suites": [],
          "passes": [
            "2855a009-2223-4795-b313-5e73977a7cfd",
            "39f974b6-acbf-47c0-a46a-dc2d2bef2b69",
            "e2c7d905-d46d-406d-99e6-e385d15ddff2",
            "e385c4b3-65fc-4e4e-bbcb-ba9db6e2bd0f",
            "47a3d23d-366d-48b2-8b17-79245a121cbb",
            "8d622c55-c242-4c04-8d3c-8161cc402be4",
            "ae9b2bff-278c-4aa9-9d24-6fe756fa1731",
            "97504571-e0da-438d-a019-5bd5f87960a2",
            "ef18c339-d02e-426a-bb48-068a190a5b61"
          ],
          "failures": [],
          "pending": [],
          "skipped": [],
          "duration": 51839,
          "root": false,
          "rootEmpty": false,
          "_timeout": 2000
        }
      ],
      "passes": [],
      "failures": [],
      "pending": [],
      "skipped": [],
      "duration": 0,
      "root": true,
      "rootEmpty": true,
      "_timeout": 2000
    },
    {
      "uuid": "921515d6-b6d4-4c49-aa47-b5ebdb83debc",
      "title": "",
      "fullFile": "cypress/integration/register.spec.js",
      "file": "cypress/integration/register.spec.js",
      "beforeHooks": [],
      "afterHooks": [],
      "tests": [],
      "suites": [
        {
          "uuid": "f52384b6-a50c-4144-be7c-eb66adc242d1",
          "title": "Registration on Gradebook HomePage",
          "fullFile": "",
          "file": "",
          "beforeHooks": [],
          "afterHooks": [],
          "tests": [
            {
              "title": "TC 11 - Register - valid registration",
              "fullTitle": "Registration on Gradebook HomePage TC 11 - Register - valid registration",
              "timedOut": null,
              "duration": 0,
              "state": "pending",
              "speed": null,
              "pass": false,
              "fail": false,
              "pending": true,
              "context": null,
              "code": "",
              "err": {},
              "uuid": "6356005e-71d7-48f6-a57f-51e43ff53deb",
              "parentUUID": "f52384b6-a50c-4144-be7c-eb66adc242d1",
              "isHook": false,
              "skipped": false
            },
            {
              "title": "TC 13 - Registration - First name input filed required",
              "fullTitle": "Registration on Gradebook HomePage TC 13 - Registration - First name input filed required",
              "timedOut": null,
              "duration": 2859,
              "state": "passed",
              "speed": "slow",
              "pass": true,
              "fail": false,
              "pending": false,
              "context": null,
              "code": "//cy.type() cannot accept an empty String, I want to set the value of an input as an empty string:\ncy.get('#firstName').invoke('val', '');\ncy.get('#lastName').type(prezIme);\ncy.get('#password').type(randomPassword);\ncy.get('#passwordConfirmation').type(randomPassword);\ncy.get('#email').type(randomEmail);\ncy.get('#termsAndConditions').uncheck();\ncy.get('#termsAndConditions').check();\ncy.get('button[type=submit]').click();\ncy.get('#firstName').then(function ($input) {\n  expect($input[0].validationMessage).to.eq('Please fill in this field.');\n});",
              "err": {},
              "uuid": "8104c79e-8574-474e-a03f-07f687a6e1ea",
              "parentUUID": "f52384b6-a50c-4144-be7c-eb66adc242d1",
              "isHook": false,
              "skipped": false
            },
            {
              "title": "TC 14 - Registration - Last name input filed required",
              "fullTitle": "Registration on Gradebook HomePage TC 14 - Registration - Last name input filed required",
              "timedOut": null,
              "duration": 2045,
              "state": "passed",
              "speed": "slow",
              "pass": true,
              "fail": false,
              "pending": false,
              "context": null,
              "code": "cy.get('#firstName').type(prvoIme); //same as for the input filed firstName:\ncy.get('#lastName').invoke('val', '');\ncy.get('#password').type(randomPassword);\ncy.get('#passwordConfirmation').type(randomPassword);\ncy.get('#email').type(randomEmail);\ncy.get('button[type=submit]').click();\ncy.get('#lastName').then(function ($input) {\n  expect($input[0].validationMessage).to.eq('Please fill in this field.');\n});",
              "err": {},
              "uuid": "aa1f8885-91f9-4dec-bb4d-518f149d29b1",
              "parentUUID": "f52384b6-a50c-4144-be7c-eb66adc242d1",
              "isHook": false,
              "skipped": false
            },
            {
              "title": "TC 15 - Registration - Email input filed required",
              "fullTitle": "Registration on Gradebook HomePage TC 15 - Registration - Email input filed required",
              "timedOut": null,
              "duration": 1659,
              "state": "passed",
              "speed": "slow",
              "pass": true,
              "fail": false,
              "pending": false,
              "context": null,
              "code": "cy.get('#firstName').type(prvoIme);\ncy.get('#lastName').type(prezIme);\ncy.get('#password').type(randomPassword);\ncy.get('#passwordConfirmation').type(randomPassword);\ncy.get('#email').invoke('val', '');\ncy.get('button[type=submit]').click();\ncy.get('#email').then(function ($input) {\n  expect($input[0].validationMessage).to.eq('Please fill in this field.');\n});",
              "err": {},
              "uuid": "6c408425-0adc-43a3-bd42-287f422808af",
              "parentUUID": "f52384b6-a50c-4144-be7c-eb66adc242d1",
              "isHook": false,
              "skipped": false
            },
            {
              "title": "TC 16 - Registration - Email with invalid format (NO @ CHARACTER)",
              "fullTitle": "Registration on Gradebook HomePage TC 16 - Registration - Email with invalid format (NO @ CHARACTER)",
              "timedOut": null,
              "duration": 2216,
              "state": "passed",
              "speed": "slow",
              "pass": true,
              "fail": false,
              "pending": false,
              "context": null,
              "code": "_registerPOM.regPage.register('Isadora', 'Duncan', 'angelaisadoraduncan1877', 'angelaisadoraduncan1877', 'Clarabelle55.yahoo.com');\ncy.get('#email').then(function ($input) {\n  expect($input[0].validationMessage).to.include(\"Please include an '@' in the email address. 'Clarabelle55.yahoo.com' is missing an '@'.\");\n});",
              "err": {},
              "uuid": "d2a35878-8aa5-4421-b8a9-2819391266d3",
              "parentUUID": "f52384b6-a50c-4144-be7c-eb66adc242d1",
              "isHook": false,
              "skipped": false
            },
            {
              "title": "TC 22 - Registration - Password Confirmation input field stays empty, without entries",
              "fullTitle": "Registration on Gradebook HomePage TC 22 - Registration - Password Confirmation input field stays empty, without entries",
              "timedOut": null,
              "duration": 1988,
              "state": "passed",
              "speed": "slow",
              "pass": true,
              "fail": false,
              "pending": false,
              "context": null,
              "code": "cy.get('#firstName').type(prvoIme);\ncy.get('#lastName').type(prezIme);\ncy.get('#password').type(randomPassword);\ncy.get('#passwordConfirmation').invoke('val', '');\ncy.get('#email').type(randomEmail);\ncy.get('button[type=submit]').click();\ncy.on('window:alert', function (str) {\n  expect(str).to.equal('Your passwords doesn`t match, try again, please');\n});",
              "err": {},
              "uuid": "12fc30f5-eb8c-41ba-a388-d62ee4875e6d",
              "parentUUID": "f52384b6-a50c-4144-be7c-eb66adc242d1",
              "isHook": false,
              "skipped": false
            },
            {
              "title": "TC 23 - Registration - Password Confirmation does not match",
              "fullTitle": "Registration on Gradebook HomePage TC 23 - Registration - Password Confirmation does not match",
              "timedOut": null,
              "duration": 2321,
              "state": "passed",
              "speed": "slow",
              "pass": true,
              "fail": false,
              "pending": false,
              "context": null,
              "code": "_registerPOM.regPage.register(prvoIme, prezIme, randomPassword, 'angelaisadoraduncan1877', randomEmail); //it is not possible to find class for alert popup and this message for confirmation password is not integral part of html input fileds\n\ncy.on('window:alert', function (str) {\n  expect(str).to.equal('Your passwords doesn`t match, try again, please');\n});",
              "err": {},
              "uuid": "fd41b2a2-59ab-48a8-92aa-087e0be50764",
              "parentUUID": "f52384b6-a50c-4144-be7c-eb66adc242d1",
              "isHook": false,
              "skipped": false
            },
            {
              "title": "TC 24 - Registration - A minimum 8 characters password, password pattern rule",
              "fullTitle": "Registration on Gradebook HomePage TC 24 - Registration - A minimum 8 characters password, password pattern rule",
              "timedOut": null,
              "duration": 2056,
              "state": "passed",
              "speed": "slow",
              "pass": true,
              "fail": false,
              "pending": false,
              "context": null,
              "code": "_registerPOM.regPage.register(prvoIme, prezIme, '1234567', '1234567', randomEmail);\ncy.get('#password').then(function ($input) {\n  expect($input[0].validationMessage).to.eq('Please match the format requested.');\n});",
              "err": {},
              "uuid": "8f1d0671-7b72-4ec6-9d39-40563bd46266",
              "parentUUID": "f52384b6-a50c-4144-be7c-eb66adc242d1",
              "isHook": false,
              "skipped": false
            },
            {
              "title": "TC 29 - Reload page buton",
              "fullTitle": "Registration on Gradebook HomePage TC 29 - Reload page buton",
              "timedOut": null,
              "duration": 608,
              "state": "passed",
              "speed": "slow",
              "pass": true,
              "fail": false,
              "pending": false,
              "context": null,
              "code": "cy.reload();\ncy.get('center').eq(0).should('contain.html', 'h1').and('contain.text', '404 Not Found');",
              "err": {},
              "uuid": "44058360-d53e-4e01-9387-d3930a10dfde",
              "parentUUID": "f52384b6-a50c-4144-be7c-eb66adc242d1",
              "isHook": false,
              "skipped": false
            },
            {
              "title": "TC 12 - Register with the same credentials twice",
              "fullTitle": "Registration on Gradebook HomePage TC 12 - Register with the same credentials twice",
              "timedOut": null,
              "duration": 2255,
              "state": "passed",
              "speed": "slow",
              "pass": true,
              "fail": false,
              "pending": false,
              "context": null,
              "code": "_registerPOM.regPage.register('Marko', 'Davidovic', '12345678', '12345678', 'macanes02@gmail.com');\ncy.url().should('include', 'gradebooks');",
              "err": {},
              "uuid": "6d305e78-21af-486f-b823-37a316a19995",
              "parentUUID": "f52384b6-a50c-4144-be7c-eb66adc242d1",
              "isHook": false,
              "skipped": false
            }
          ],
          "suites": [],
          "passes": [
            "8104c79e-8574-474e-a03f-07f687a6e1ea",
            "aa1f8885-91f9-4dec-bb4d-518f149d29b1",
            "6c408425-0adc-43a3-bd42-287f422808af",
            "d2a35878-8aa5-4421-b8a9-2819391266d3",
            "12fc30f5-eb8c-41ba-a388-d62ee4875e6d",
            "fd41b2a2-59ab-48a8-92aa-087e0be50764",
            "8f1d0671-7b72-4ec6-9d39-40563bd46266",
            "44058360-d53e-4e01-9387-d3930a10dfde",
            "6d305e78-21af-486f-b823-37a316a19995"
          ],
          "failures": [],
          "pending": [
            "6356005e-71d7-48f6-a57f-51e43ff53deb"
          ],
          "skipped": [],
          "duration": 18007,
          "root": false,
          "rootEmpty": false,
          "_timeout": 2000
        }
      ],
      "passes": [],
      "failures": [],
      "pending": [],
      "skipped": [],
      "duration": 0,
      "root": true,
      "rootEmpty": true,
      "_timeout": 2000
    }
  ],
  "meta": {
    "mocha": {
      "version": "7.0.1"
    },
    "mochawesome": {
      "options": {
        "quiet": false,
        "reportFilename": "mochawesome",
        "saveHtml": false,
        "saveJson": true,
        "consoleReporter": "spec",
        "useInlineDiffs": false,
        "code": true
      },
      "version": "6.1.1"
    },
    "marge": {
      "options": {
        "id": "default",
        "reportDir": "cypress/reports/mocha",
        "quite": true,
        "overwrite": false,
        "html": false,
        "json": true
      },
      "version": "5.1.0"
    }
  }
}